Procesando...
  Filtro             : ldr
  Implementación     : C
  Archivo de entrada : lena.203x203.bmp
Tiempo de ejecución:
  # iteraciones                     : 1000
  # de ciclos insumidos totales     : 52977
  # de ciclos insumidos por llamada : 52.977
Tiempo de ejecución:
  # iteraciones                     : 10000
  # de ciclos insumidos totales     : 539070
  # de ciclos insumidos por llamada : 53.907
Tiempo de ejecución:
  # iteraciones                     : 100000
  # de ciclos insumidos totales     : 5180448
  # de ciclos insumidos por llamada : 51.804
Procesando...
  Filtro             : ldr
  Implementación     : C
  Archivo de entrada : lena.203x203.bmp
Tiempo de ejecución:
  # iteraciones                     : 1000
  # de ciclos insumidos totales     : 53068
  # de ciclos insumidos por llamada : 53.068
Tiempo de ejecución:
  # iteraciones                     : 10000
  # de ciclos insumidos totales     : 518935
  # de ciclos insumidos por llamada : 51.894
Tiempo de ejecución:
  # iteraciones                     : 100000
  # de ciclos insumidos totales     : 5300645
  # de ciclos insumidos por llamada : 53.006
Procesando...
  Filtro             : ldr
  Implementación     : C
  Archivo de entrada : lena.203x203.bmp
Tiempo de ejecución:
  # iteraciones                     : 1000
  # de ciclos insumidos totales     : 52744
  # de ciclos insumidos por llamada : 52.744
Tiempo de ejecución:
  # iteraciones                     : 10000
  # de ciclos insumidos totales     : 519744
  # de ciclos insumidos por llamada : 51.974
Tiempo de ejecución:
  # iteraciones                     : 100000
  # de ciclos insumidos totales     : 5273922
  # de ciclos insumidos por llamada : 52.739
Procesando...
  Filtro             : ldr
  Implementación     : C
  Archivo de entrada : lena.203x203.bmp
Tiempo de ejecución:
  # iteraciones                     : 1000
  # de ciclos insumidos totales     : 52921
  # de ciclos insumidos por llamada : 52.921
Tiempo de ejecución:
  # iteraciones                     : 10000
  # de ciclos insumidos totales     : 519719
  # de ciclos insumidos por llamada : 51.972
Tiempo de ejecución:
  # iteraciones                     : 100000
  # de ciclos insumidos totales     : 5327404
  # de ciclos insumidos por llamada : 53.274
Procesando...
  Filtro             : ldr
  Implementación     : C
  Archivo de entrada : lena.203x203.bmp
Tiempo de ejecución:
  # iteraciones                     : 1000
  # de ciclos insumidos totales     : 52775
  # de ciclos insumidos por llamada : 52.775
Tiempo de ejecución:
  # iteraciones                     : 10000
  # de ciclos insumidos totales     : 521537
  # de ciclos insumidos por llamada : 52.154
Tiempo de ejecución:
  # iteraciones                     : 100000
  # de ciclos insumidos totales     : 5288777
  # de ciclos insumidos por llamada : 52.888
Procesando...
  Filtro             : ldr
  Implementación     : C
  Archivo de entrada : lena.512x512.bmp
Tiempo de ejecución:
  # iteraciones                     : 1000
  # de ciclos insumidos totales     : 52770
  # de ciclos insumidos por llamada : 52.770
Tiempo de ejecución:
  # iteraciones                     : 10000
  # de ciclos insumidos totales     : 519764
  # de ciclos insumidos por llamada : 51.976
Tiempo de ejecución:
  # iteraciones                     : 100000
  # de ciclos insumidos totales     : 5290192
  # de ciclos insumidos por llamada : 52.902
Procesando...
  Filtro             : ldr
  Implementación     : C
  Archivo de entrada : lena.512x512.bmp
Tiempo de ejecución:
  # iteraciones                     : 1000
  # de ciclos insumidos totales     : 53204
  # de ciclos insumidos por llamada : 53.204
Tiempo de ejecución:
  # iteraciones                     : 10000
  # de ciclos insumidos totales     : 521785
  # de ciclos insumidos por llamada : 52.179
Tiempo de ejecución:
  # iteraciones                     : 100000
  # de ciclos insumidos totales     : 5188831
  # de ciclos insumidos por llamada : 51.888
Procesando...
  Filtro             : ldr
  Implementación     : C
  Archivo de entrada : lena.512x512.bmp
Tiempo de ejecución:
  # iteraciones                     : 1000
  # de ciclos insumidos totales     : 53138
  # de ciclos insumidos por llamada : 53.138
Tiempo de ejecución:
  # iteraciones                     : 10000
  # de ciclos insumidos totales     : 519860
  # de ciclos insumidos por llamada : 51.986
Tiempo de ejecución:
  # iteraciones                     : 100000
  # de ciclos insumidos totales     : 5236199
  # de ciclos insumidos por llamada : 52.362
Procesando...
  Filtro             : ldr
  Implementación     : C
  Archivo de entrada : lena.512x512.bmp
Tiempo de ejecución:
  # iteraciones                     : 1000
  # de ciclos insumidos totales     : 53027
  # de ciclos insumidos por llamada : 53.027
Tiempo de ejecución:
  # iteraciones                     : 10000
  # de ciclos insumidos totales     : 521416
  # de ciclos insumidos por llamada : 52.142
Tiempo de ejecución:
  # iteraciones                     : 100000
  # de ciclos insumidos totales     : 5212800
  # de ciclos insumidos por llamada : 52.128
Procesando...
  Filtro             : ldr
  Implementación     : C
  Archivo de entrada : lena.512x512.bmp
Tiempo de ejecución:
  # iteraciones                     : 1000
  # de ciclos insumidos totales     : 53062
  # de ciclos insumidos por llamada : 53.062
Tiempo de ejecución:
  # iteraciones                     : 10000
  # de ciclos insumidos totales     : 519790
  # de ciclos insumidos por llamada : 51.979
Tiempo de ejecución:
  # iteraciones                     : 100000
  # de ciclos insumidos totales     : 5231970
  # de ciclos insumidos por llamada : 52.320
Procesando...
  Filtro             : ldr
  Implementación     : C
  Archivo de entrada : lena.1023x767.bmp
Tiempo de ejecución:
  # iteraciones                     : 1000
  # de ciclos insumidos totales     : 52663
  # de ciclos insumidos por llamada : 52.663
Tiempo de ejecución:
  # iteraciones                     : 10000
  # de ciclos insumidos totales     : 519956
  # de ciclos insumidos por llamada : 51.996
Tiempo de ejecución:
  # iteraciones                     : 100000
  # de ciclos insumidos totales     : 5211330
  # de ciclos insumidos por llamada : 52.113
Procesando...
  Filtro             : ldr
  Implementación     : C
  Archivo de entrada : lena.1023x767.bmp
Tiempo de ejecución:
  # iteraciones                     : 1000
  # de ciclos insumidos totales     : 52725
  # de ciclos insumidos por llamada : 52.725
Tiempo de ejecución:
  # iteraciones                     : 10000
  # de ciclos insumidos totales     : 519355
  # de ciclos insumidos por llamada : 51.936
Tiempo de ejecución:
  # iteraciones                     : 100000
  # de ciclos insumidos totales     : 5433853
  # de ciclos insumidos por llamada : 54.339
Procesando...
  Filtro             : ldr
  Implementación     : C
  Archivo de entrada : lena.1023x767.bmp
Tiempo de ejecución:
  # iteraciones                     : 1000
  # de ciclos insumidos totales     : 53255
  # de ciclos insumidos por llamada : 53.255
Tiempo de ejecución:
  # iteraciones                     : 10000
  # de ciclos insumidos totales     : 521033
  # de ciclos insumidos por llamada : 52.103
Tiempo de ejecución:
  # iteraciones                     : 100000
  # de ciclos insumidos totales     : 5392598
  # de ciclos insumidos por llamada : 53.926
Procesando...
  Filtro             : ldr
  Implementación     : C
  Archivo de entrada : lena.1023x767.bmp
Tiempo de ejecución:
  # iteraciones                     : 1000
  # de ciclos insumidos totales     : 53123
  # de ciclos insumidos por llamada : 53.123
Tiempo de ejecución:
  # iteraciones                     : 10000
  # de ciclos insumidos totales     : 519623
  # de ciclos insumidos por llamada : 51.962
Tiempo de ejecución:
  # iteraciones                     : 100000
  # de ciclos insumidos totales     : 5196924
  # de ciclos insumidos por llamada : 51.969
Procesando...
  Filtro             : ldr
  Implementación     : C
  Archivo de entrada : lena.1023x767.bmp
Tiempo de ejecución:
  # iteraciones                     : 1000
  # de ciclos insumidos totales     : 52856
  # de ciclos insumidos por llamada : 52.856
Tiempo de ejecución:
  # iteraciones                     : 10000
  # de ciclos insumidos totales     : 521088
  # de ciclos insumidos por llamada : 52.109
Tiempo de ejecución:
  # iteraciones                     : 100000
  # de ciclos insumidos totales     : 5214290
  # de ciclos insumidos por llamada : 52.143
Procesando...
  Filtro             : ldr
  Implementación     : C
  Archivo de entrada : marilyn.203x203.bmp
Tiempo de ejecución:
  # iteraciones                     : 1000
  # de ciclos insumidos totales     : 53482
  # de ciclos insumidos por llamada : 53.482
Tiempo de ejecución:
  # iteraciones                     : 10000
  # de ciclos insumidos totales     : 519567
  # de ciclos insumidos por llamada : 51.957
Tiempo de ejecución:
  # iteraciones                     : 100000
  # de ciclos insumidos totales     : 5204685
  # de ciclos insumidos por llamada : 52.047
Procesando...
  Filtro             : ldr
  Implementación     : C
  Archivo de entrada : marilyn.203x203.bmp
Tiempo de ejecución:
  # iteraciones                     : 1000
  # de ciclos insumidos totales     : 53234
  # de ciclos insumidos por llamada : 53.234
Tiempo de ejecución:
  # iteraciones                     : 10000
  # de ciclos insumidos totales     : 521012
  # de ciclos insumidos por llamada : 52.101
Tiempo de ejecución:
  # iteraciones                     : 100000
  # de ciclos insumidos totales     : 5225042
  # de ciclos insumidos por llamada : 52.250
Procesando...
  Filtro             : ldr
  Implementación     : C
  Archivo de entrada : marilyn.203x203.bmp
Tiempo de ejecución:
  # iteraciones                     : 1000
  # de ciclos insumidos totales     : 53220
  # de ciclos insumidos por llamada : 53.220
Tiempo de ejecución:
  # iteraciones                     : 10000
  # de ciclos insumidos totales     : 542395
  # de ciclos insumidos por llamada : 54.239
Tiempo de ejecución:
  # iteraciones                     : 100000
  # de ciclos insumidos totales     : 5183753
  # de ciclos insumidos por llamada : 51.838
Procesando...
  Filtro             : ldr
  Implementación     : C
  Archivo de entrada : marilyn.203x203.bmp
Tiempo de ejecución:
  # iteraciones                     : 1000
  # de ciclos insumidos totales     : 53002
  # de ciclos insumidos por llamada : 53.002
Tiempo de ejecución:
  # iteraciones                     : 10000
  # de ciclos insumidos totales     : 519820
  # de ciclos insumidos por llamada : 51.982
Tiempo de ejecución:
  # iteraciones                     : 100000
  # de ciclos insumidos totales     : 5205575
  # de ciclos insumidos por llamada : 52.056
Procesando...
  Filtro             : ldr
  Implementación     : C
  Archivo de entrada : marilyn.203x203.bmp
Tiempo de ejecución:
  # iteraciones                     : 1000
  # de ciclos insumidos totales     : 53487
  # de ciclos insumidos por llamada : 53.487
Tiempo de ejecución:
  # iteraciones                     : 10000
  # de ciclos insumidos totales     : 539970
  # de ciclos insumidos por llamada : 53.997
Tiempo de ejecución:
  # iteraciones                     : 100000
  # de ciclos insumidos totales     : 5239180
  # de ciclos insumidos por llamada : 52.392
Procesando...
  Filtro             : ldr
  Implementación     : C
  Archivo de entrada : marilyn.512x512.bmp
Tiempo de ejecución:
  # iteraciones                     : 1000
  # de ciclos insumidos totales     : 53057
  # de ciclos insumidos por llamada : 53.057
Tiempo de ejecución:
  # iteraciones                     : 10000
  # de ciclos insumidos totales     : 519946
  # de ciclos insumidos por llamada : 51.995
Tiempo de ejecución:
  # iteraciones                     : 100000
  # de ciclos insumidos totales     : 5187113
  # de ciclos insumidos por llamada : 51.871
Procesando...
  Filtro             : ldr
  Implementación     : C
  Archivo de entrada : marilyn.512x512.bmp
Tiempo de ejecución:
  # iteraciones                     : 1000
  # de ciclos insumidos totales     : 53053
  # de ciclos insumidos por llamada : 53.053
Tiempo de ejecución:
  # iteraciones                     : 10000
  # de ciclos insumidos totales     : 521184
  # de ciclos insumidos por llamada : 52.118
Tiempo de ejecución:
  # iteraciones                     : 100000
  # de ciclos insumidos totales     : 5235285
  # de ciclos insumidos por llamada : 52.353
Procesando...
  Filtro             : ldr
  Implementación     : C
  Archivo de entrada : marilyn.512x512.bmp
Tiempo de ejecución:
  # iteraciones                     : 1000
  # de ciclos insumidos totales     : 87123
  # de ciclos insumidos por llamada : 87.123
Tiempo de ejecución:
  # iteraciones                     : 10000
  # de ciclos insumidos totales     : 659500
  # de ciclos insumidos por llamada : 65.950
Tiempo de ejecución:
  # iteraciones                     : 100000
  # de ciclos insumidos totales     : 5232485
  # de ciclos insumidos por llamada : 52.325
Procesando...
  Filtro             : ldr
  Implementación     : C
  Archivo de entrada : marilyn.512x512.bmp
Tiempo de ejecución:
  # iteraciones                     : 1000
  # de ciclos insumidos totales     : 53108
  # de ciclos insumidos por llamada : 53.108
Tiempo de ejecución:
  # iteraciones                     : 10000
  # de ciclos insumidos totales     : 579360
  # de ciclos insumidos por llamada : 57.936
Tiempo de ejecución:
  # iteraciones                     : 100000
  # de ciclos insumidos totales     : 5218676
  # de ciclos insumidos por llamada : 52.187
Procesando...
  Filtro             : ldr
  Implementación     : C
  Archivo de entrada : marilyn.512x512.bmp
Tiempo de ejecución:
  # iteraciones                     : 1000
  # de ciclos insumidos totales     : 52654
  # de ciclos insumidos por llamada : 52.654
Tiempo de ejecución:
  # iteraciones                     : 10000
  # de ciclos insumidos totales     : 522043
  # de ciclos insumidos por llamada : 52.204
Tiempo de ejecución:
  # iteraciones                     : 100000
  # de ciclos insumidos totales     : 5234304
  # de ciclos insumidos por llamada : 52.343
Procesando...
  Filtro             : ldr
  Implementación     : C
  Archivo de entrada : marilyn.1023x767.bmp
Tiempo de ejecución:
  # iteraciones                     : 1000
  # de ciclos insumidos totales     : 52851
  # de ciclos insumidos por llamada : 52.851
Tiempo de ejecución:
  # iteraciones                     : 10000
  # de ciclos insumidos totales     : 519623
  # de ciclos insumidos por llamada : 51.962
Tiempo de ejecución:
  # iteraciones                     : 100000
  # de ciclos insumidos totales     : 5235168
  # de ciclos insumidos por llamada : 52.352
Procesando...
  Filtro             : ldr
  Implementación     : C
  Archivo de entrada : marilyn.1023x767.bmp
Tiempo de ejecución:
  # iteraciones                     : 1000
  # de ciclos insumidos totales     : 53164
  # de ciclos insumidos por llamada : 53.164
Tiempo de ejecución:
  # iteraciones                     : 10000
  # de ciclos insumidos totales     : 522108
  # de ciclos insumidos por llamada : 52.211
Tiempo de ejecución:
  # iteraciones                     : 100000
  # de ciclos insumidos totales     : 5282420
  # de ciclos insumidos por llamada : 52.824
Procesando...
  Filtro             : ldr
  Implementación     : C
  Archivo de entrada : marilyn.1023x767.bmp
Tiempo de ejecución:
  # iteraciones                     : 1000
  # de ciclos insumidos totales     : 53058
  # de ciclos insumidos por llamada : 53.058
Tiempo de ejecución:
  # iteraciones                     : 10000
  # de ciclos insumidos totales     : 519855
  # de ciclos insumidos por llamada : 51.986
Tiempo de ejecución:
  # iteraciones                     : 100000
  # de ciclos insumidos totales     : 5214982
  # de ciclos insumidos por llamada : 52.150
Procesando...
  Filtro             : ldr
  Implementación     : C
  Archivo de entrada : marilyn.1023x767.bmp
Tiempo de ejecución:
  # iteraciones                     : 1000
  # de ciclos insumidos totales     : 53052
  # de ciclos insumidos por llamada : 53.052
Tiempo de ejecución:
  # iteraciones                     : 10000
  # de ciclos insumidos totales     : 520173
  # de ciclos insumidos por llamada : 52.017
Tiempo de ejecución:
  # iteraciones                     : 100000
  # de ciclos insumidos totales     : 5206171
  # de ciclos insumidos por llamada : 52.062
Procesando...
  Filtro             : ldr
  Implementación     : C
  Archivo de entrada : marilyn.1023x767.bmp
Tiempo de ejecución:
  # iteraciones                     : 1000
  # de ciclos insumidos totales     : 52957
  # de ciclos insumidos por llamada : 52.957
Tiempo de ejecución:
  # iteraciones                     : 10000
  # de ciclos insumidos totales     : 520537
  # de ciclos insumidos por llamada : 52.054
Tiempo de ejecución:
  # iteraciones                     : 100000
  # de ciclos insumidos totales     : 5235047
  # de ciclos insumidos por llamada : 52.350
Procesando...
  Filtro             : ldr
  Implementación     : ASM
  Archivo de entrada : lena.203x203.bmp
Tiempo de ejecución:
  # iteraciones                     : 1000
  # de ciclos insumidos totales     : 44094
  # de ciclos insumidos por llamada : 44.094
Tiempo de ejecución:
  # iteraciones                     : 10000
  # de ciclos insumidos totales     : 428721
  # de ciclos insumidos por llamada : 42.872
Tiempo de ejecución:
  # iteraciones                     : 100000
  # de ciclos insumidos totales     : 4284657
  # de ciclos insumidos por llamada : 42.847
Procesando...
  Filtro             : ldr
  Implementación     : ASM
  Archivo de entrada : lena.203x203.bmp
Tiempo de ejecución:
  # iteraciones                     : 1000
  # de ciclos insumidos totales     : 44039
  # de ciclos insumidos por llamada : 44.039
Tiempo de ejecución:
  # iteraciones                     : 10000
  # de ciclos insumidos totales     : 428807
  # de ciclos insumidos por llamada : 42.881
Tiempo de ejecución:
  # iteraciones                     : 100000
  # de ciclos insumidos totales     : 4322001
  # de ciclos insumidos por llamada : 43.220
Procesando...
  Filtro             : ldr
  Implementación     : ASM
  Archivo de entrada : lena.203x203.bmp
Tiempo de ejecución:
  # iteraciones                     : 1000
  # de ciclos insumidos totales     : 66018
  # de ciclos insumidos por llamada : 66.018
Tiempo de ejecución:
  # iteraciones                     : 10000
  # de ciclos insumidos totales     : 428135
  # de ciclos insumidos por llamada : 42.813
Tiempo de ejecución:
  # iteraciones                     : 100000
  # de ciclos insumidos totales     : 4278857
  # de ciclos insumidos por llamada : 42.789
Procesando...
  Filtro             : ldr
  Implementación     : ASM
  Archivo de entrada : lena.203x203.bmp
Tiempo de ejecución:
  # iteraciones                     : 1000
  # de ciclos insumidos totales     : 44064
  # de ciclos insumidos por llamada : 44.064
Tiempo de ejecución:
  # iteraciones                     : 10000
  # de ciclos insumidos totales     : 427943
  # de ciclos insumidos por llamada : 42.794
Tiempo de ejecución:
  # iteraciones                     : 100000
  # de ciclos insumidos totales     : 4284470
  # de ciclos insumidos por llamada : 42.845
Procesando...
  Filtro             : ldr
  Implementación     : ASM
  Archivo de entrada : lena.203x203.bmp
Tiempo de ejecución:
  # iteraciones                     : 1000
  # de ciclos insumidos totales     : 44872
  # de ciclos insumidos por llamada : 44.872
Tiempo de ejecución:
  # iteraciones                     : 10000
  # de ciclos insumidos totales     : 428837
  # de ciclos insumidos por llamada : 42.884
Tiempo de ejecución:
  # iteraciones                     : 100000
  # de ciclos insumidos totales     : 4333505
  # de ciclos insumidos por llamada : 43.335
Procesando...
  Filtro             : ldr
  Implementación     : ASM
  Archivo de entrada : lena.512x512.bmp
Tiempo de ejecución:
  # iteraciones                     : 1000
  # de ciclos insumidos totales     : 44215
  # de ciclos insumidos por llamada : 44.215
Tiempo de ejecución:
  # iteraciones                     : 10000
  # de ciclos insumidos totales     : 428508
  # de ciclos insumidos por llamada : 42.851
Tiempo de ejecución:
  # iteraciones                     : 100000
  # de ciclos insumidos totales     : 4284546
  # de ciclos insumidos por llamada : 42.845
Procesando...
  Filtro             : ldr
  Implementación     : ASM
  Archivo de entrada : lena.512x512.bmp
Tiempo de ejecución:
  # iteraciones                     : 1000
  # de ciclos insumidos totales     : 44039
  # de ciclos insumidos por llamada : 44.039
Tiempo de ejecución:
  # iteraciones                     : 10000
  # de ciclos insumidos totales     : 431965
  # de ciclos insumidos por llamada : 43.196
Tiempo de ejecución:
  # iteraciones                     : 100000
  # de ciclos insumidos totales     : 4284566
  # de ciclos insumidos por llamada : 42.846
Procesando...
  Filtro             : ldr
  Implementación     : ASM
  Archivo de entrada : lena.512x512.bmp
Tiempo de ejecución:
  # iteraciones                     : 1000
  # de ciclos insumidos totales     : 44059
  # de ciclos insumidos por llamada : 44.059
Tiempo de ejecución:
  # iteraciones                     : 10000
  # de ciclos insumidos totales     : 435360
  # de ciclos insumidos por llamada : 43.536
Tiempo de ejecución:
  # iteraciones                     : 100000
  # de ciclos insumidos totales     : 4354222
  # de ciclos insumidos por llamada : 43.542
Procesando...
  Filtro             : ldr
  Implementación     : ASM
  Archivo de entrada : lena.512x512.bmp
Tiempo de ejecución:
  # iteraciones                     : 1000
  # de ciclos insumidos totales     : 93848
  # de ciclos insumidos por llamada : 93.848
Tiempo de ejecución:
  # iteraciones                     : 10000
  # de ciclos insumidos totales     : 428539
  # de ciclos insumidos por llamada : 42.854
Tiempo de ejecución:
  # iteraciones                     : 100000
  # de ciclos insumidos totales     : 4284116
  # de ciclos insumidos por llamada : 42.841
Procesando...
  Filtro             : ldr
  Implementación     : ASM
  Archivo de entrada : lena.512x512.bmp
Tiempo de ejecución:
  # iteraciones                     : 1000
  # de ciclos insumidos totales     : 43721
  # de ciclos insumidos por llamada : 43.721
Tiempo de ejecución:
  # iteraciones                     : 10000
  # de ciclos insumidos totales     : 434602
  # de ciclos insumidos por llamada : 43.460
Tiempo de ejecución:
  # iteraciones                     : 100000
  # de ciclos insumidos totales     : 4284576
  # de ciclos insumidos por llamada : 42.846
Procesando...
  Filtro             : ldr
  Implementación     : ASM
  Archivo de entrada : lena.1023x767.bmp
Tiempo de ejecución:
  # iteraciones                     : 1000
  # de ciclos insumidos totales     : 44453
  # de ciclos insumidos por llamada : 44.453
Tiempo de ejecución:
  # iteraciones                     : 10000
  # de ciclos insumidos totales     : 428372
  # de ciclos insumidos por llamada : 42.837
Tiempo de ejecución:
  # iteraciones                     : 100000
  # de ciclos insumidos totales     : 4364534
  # de ciclos insumidos por llamada : 43.645
Procesando...
  Filtro             : ldr
  Implementación     : ASM
  Archivo de entrada : lena.1023x767.bmp
Tiempo de ejecución:
  # iteraciones                     : 1000
  # de ciclos insumidos totales     : 43948
  # de ciclos insumidos por llamada : 43.948
Tiempo de ejecución:
  # iteraciones                     : 10000
  # de ciclos insumidos totales     : 428357
  # de ciclos insumidos por llamada : 42.836
Tiempo de ejecución:
  # iteraciones                     : 100000
  # de ciclos insumidos totales     : 4408785
  # de ciclos insumidos por llamada : 44.088
Procesando...
  Filtro             : ldr
  Implementación     : ASM
  Archivo de entrada : lena.1023x767.bmp
Tiempo de ejecución:
  # iteraciones                     : 1000
  # de ciclos insumidos totales     : 44681
  # de ciclos insumidos por llamada : 44.681
Tiempo de ejecución:
  # iteraciones                     : 10000
  # de ciclos insumidos totales     : 428301
  # de ciclos insumidos por llamada : 42.830
Tiempo de ejecución:
  # iteraciones                     : 100000
  # de ciclos insumidos totales     : 4283878
  # de ciclos insumidos por llamada : 42.839
Procesando...
  Filtro             : ldr
  Implementación     : ASM
  Archivo de entrada : lena.1023x767.bmp
Tiempo de ejecución:
  # iteraciones                     : 1000
  # de ciclos insumidos totales     : 43786
  # de ciclos insumidos por llamada : 43.786
Tiempo de ejecución:
  # iteraciones                     : 10000
  # de ciclos insumidos totales     : 431904
  # de ciclos insumidos por llamada : 43.190
Tiempo de ejecución:
  # iteraciones                     : 100000
  # de ciclos insumidos totales     : 4361396
  # de ciclos insumidos por llamada : 43.614
Procesando...
  Filtro             : ldr
  Implementación     : ASM
  Archivo de entrada : lena.1023x767.bmp
Tiempo de ejecución:
  # iteraciones                     : 1000
  # de ciclos insumidos totales     : 44140
  # de ciclos insumidos por llamada : 44.140
Tiempo de ejecución:
  # iteraciones                     : 10000
  # de ciclos insumidos totales     : 428781
  # de ciclos insumidos por llamada : 42.878
Tiempo de ejecución:
  # iteraciones                     : 100000
  # de ciclos insumidos totales     : 4370425
  # de ciclos insumidos por llamada : 43.704
Procesando...
  Filtro             : ldr
  Implementación     : ASM
  Archivo de entrada : marilyn.203x203.bmp
Tiempo de ejecución:
  # iteraciones                     : 1000
  # de ciclos insumidos totales     : 43710
  # de ciclos insumidos por llamada : 43.710
Tiempo de ejecución:
  # iteraciones                     : 10000
  # de ciclos insumidos totales     : 429828
  # de ciclos insumidos por llamada : 42.983
Tiempo de ejecución:
  # iteraciones                     : 100000
  # de ciclos insumidos totales     : 4351988
  # de ciclos insumidos por llamada : 43.520
Procesando...
  Filtro             : ldr
  Implementación     : ASM
  Archivo de entrada : marilyn.203x203.bmp
Tiempo de ejecución:
  # iteraciones                     : 1000
  # de ciclos insumidos totales     : 61329
  # de ciclos insumidos por llamada : 61.329
Tiempo de ejecución:
  # iteraciones                     : 10000
  # de ciclos insumidos totales     : 602082
  # de ciclos insumidos por llamada : 60.208
Tiempo de ejecución:
  # iteraciones                     : 100000
  # de ciclos insumidos totales     : 6138084
  # de ciclos insumidos por llamada : 61.381
Procesando...
  Filtro             : ldr
  Implementación     : ASM
  Archivo de entrada : marilyn.203x203.bmp
Tiempo de ejecución:
  # iteraciones                     : 1000
  # de ciclos insumidos totales     : 44413
  # de ciclos insumidos por llamada : 44.413
Tiempo de ejecución:
  # iteraciones                     : 10000
  # de ciclos insumidos totales     : 529217
  # de ciclos insumidos por llamada : 52.922
Tiempo de ejecución:
  # iteraciones                     : 100000
  # de ciclos insumidos totales     : 4288330
  # de ciclos insumidos por llamada : 42.883
Procesando...
  Filtro             : ldr
  Implementación     : ASM
  Archivo de entrada : marilyn.203x203.bmp
Tiempo de ejecución:
  # iteraciones                     : 1000
  # de ciclos insumidos totales     : 43973
  # de ciclos insumidos por llamada : 43.973
Tiempo de ejecución:
  # iteraciones                     : 10000
  # de ciclos insumidos totales     : 428857
  # de ciclos insumidos por llamada : 42.886
Tiempo de ejecución:
  # iteraciones                     : 100000
  # de ciclos insumidos totales     : 4284733
  # de ciclos insumidos por llamada : 42.847
Procesando...
  Filtro             : ldr
  Implementación     : ASM
  Archivo de entrada : marilyn.203x203.bmp
Tiempo de ejecución:
  # iteraciones                     : 1000
  # de ciclos insumidos totales     : 44372
  # de ciclos insumidos por llamada : 44.372
Tiempo de ejecución:
  # iteraciones                     : 10000
  # de ciclos insumidos totales     : 428564
  # de ciclos insumidos por llamada : 42.856
Tiempo de ejecución:
  # iteraciones                     : 100000
  # de ciclos insumidos totales     : 4351680
  # de ciclos insumidos por llamada : 43.517
Procesando...
  Filtro             : ldr
  Implementación     : ASM
  Archivo de entrada : marilyn.512x512.bmp
Tiempo de ejecución:
  # iteraciones                     : 1000
  # de ciclos insumidos totales     : 44185
  # de ciclos insumidos por llamada : 44.185
Tiempo de ejecución:
  # iteraciones                     : 10000
  # de ciclos insumidos totales     : 428625
  # de ciclos insumidos por llamada : 42.862
Tiempo de ejecución:
  # iteraciones                     : 100000
  # de ciclos insumidos totales     : 4284232
  # de ciclos insumidos por llamada : 42.842
Procesando...
  Filtro             : ldr
  Implementación     : ASM
  Archivo de entrada : marilyn.512x512.bmp
Tiempo de ejecución:
  # iteraciones                     : 1000
  # de ciclos insumidos totales     : 44125
  # de ciclos insumidos por llamada : 44.125
Tiempo de ejecución:
  # iteraciones                     : 10000
  # de ciclos insumidos totales     : 428377
  # de ciclos insumidos por llamada : 42.838
Tiempo de ejecución:
  # iteraciones                     : 100000
  # de ciclos insumidos totales     : 4284813
  # de ciclos insumidos por llamada : 42.848
Procesando...
  Filtro             : ldr
  Implementación     : ASM
  Archivo de entrada : marilyn.512x512.bmp
Tiempo de ejecución:
  # iteraciones                     : 1000
  # de ciclos insumidos totales     : 61976
  # de ciclos insumidos por llamada : 61.976
Tiempo de ejecución:
  # iteraciones                     : 10000
  # de ciclos insumidos totales     : 553299
  # de ciclos insumidos por llamada : 55.330
Tiempo de ejecución:
  # iteraciones                     : 100000
  # de ciclos insumidos totales     : 4379363
  # de ciclos insumidos por llamada : 43.794
Procesando...
  Filtro             : ldr
  Implementación     : ASM
  Archivo de entrada : marilyn.512x512.bmp
Tiempo de ejecución:
  # iteraciones                     : 1000
  # de ciclos insumidos totales     : 44752
  # de ciclos insumidos por llamada : 44.752
Tiempo de ejecución:
  # iteraciones                     : 10000
  # de ciclos insumidos totales     : 428862
  # de ciclos insumidos por llamada : 42.886
Tiempo de ejecución:
  # iteraciones                     : 100000
  # de ciclos insumidos totales     : 4385653
  # de ciclos insumidos por llamada : 43.857
Procesando...
  Filtro             : ldr
  Implementación     : ASM
  Archivo de entrada : marilyn.512x512.bmp
Tiempo de ejecución:
  # iteraciones                     : 1000
  # de ciclos insumidos totales     : 43862
  # de ciclos insumidos por llamada : 43.862
Tiempo de ejecución:
  # iteraciones                     : 10000
  # de ciclos insumidos totales     : 431858
  # de ciclos insumidos por llamada : 43.186
Tiempo de ejecución:
  # iteraciones                     : 100000
  # de ciclos insumidos totales     : 4283984
  # de ciclos insumidos por llamada : 42.840
Procesando...
  Filtro             : ldr
  Implementación     : ASM
  Archivo de entrada : marilyn.1023x767.bmp
Tiempo de ejecución:
  # iteraciones                     : 1000
  # de ciclos insumidos totales     : 44357
  # de ciclos insumidos por llamada : 44.357
Tiempo de ejecución:
  # iteraciones                     : 10000
  # de ciclos insumidos totales     : 428327
  # de ciclos insumidos por llamada : 42.833
Tiempo de ejecución:
  # iteraciones                     : 100000
  # de ciclos insumidos totales     : 4388362
  # de ciclos insumidos por llamada : 43.884
Procesando...
  Filtro             : ldr
  Implementación     : ASM
  Archivo de entrada : marilyn.1023x767.bmp
Tiempo de ejecución:
  # iteraciones                     : 1000
  # de ciclos insumidos totales     : 44352
  # de ciclos insumidos por llamada : 44.352
Tiempo de ejecución:
  # iteraciones                     : 10000
  # de ciclos insumidos totales     : 429453
  # de ciclos insumidos por llamada : 42.945
Tiempo de ejecución:
  # iteraciones                     : 100000
  # de ciclos insumidos totales     : 4409603
  # de ciclos insumidos por llamada : 44.096
Procesando...
  Filtro             : ldr
  Implementación     : ASM
  Archivo de entrada : marilyn.1023x767.bmp
Tiempo de ejecución:
  # iteraciones                     : 1000
  # de ciclos insumidos totales     : 46086
  # de ciclos insumidos por llamada : 46.086
Tiempo de ejecución:
  # iteraciones                     : 10000
  # de ciclos insumidos totales     : 429525
  # de ciclos insumidos por llamada : 42.952
Tiempo de ejecución:
  # iteraciones                     : 100000
  # de ciclos insumidos totales     : 4349007
  # de ciclos insumidos por llamada : 43.490
Procesando...
  Filtro             : ldr
  Implementación     : ASM
  Archivo de entrada : marilyn.1023x767.bmp
Tiempo de ejecución:
  # iteraciones                     : 1000
  # de ciclos insumidos totales     : 44978
  # de ciclos insumidos por llamada : 44.978
Tiempo de ejecución:
  # iteraciones                     : 10000
  # de ciclos insumidos totales     : 431267
  # de ciclos insumidos por llamada : 43.127
Tiempo de ejecución:
  # iteraciones                     : 100000
  # de ciclos insumidos totales     : 4371238
  # de ciclos insumidos por llamada : 43.712
Procesando...
  Filtro             : ldr
  Implementación     : ASM
  Archivo de entrada : marilyn.1023x767.bmp
Tiempo de ejecución:
  # iteraciones                     : 1000
  # de ciclos insumidos totales     : 44902
  # de ciclos insumidos por llamada : 44.902
Tiempo de ejecución:
  # iteraciones                     : 10000
  # de ciclos insumidos totales     : 428958
  # de ciclos insumidos por llamada : 42.896
Tiempo de ejecución:
  # iteraciones                     : 100000
  # de ciclos insumidos totales     : 4405152
  # de ciclos insumidos por llamada : 44.052
