Procesando...
  Filtro             : temperature
  Implementación     : C
  Archivo de entrada : lena.203x203.bmp
Tiempo de ejecución:
  # iteraciones                     : 1000
  # de ciclos insumidos totales     : 53008
  # de ciclos insumidos por llamada : 53.008
Tiempo de ejecución:
  # iteraciones                     : 10000
  # de ciclos insumidos totales     : 524044
  # de ciclos insumidos por llamada : 52.404
Tiempo de ejecución:
  # iteraciones                     : 100000
  # de ciclos insumidos totales     : 5197339
  # de ciclos insumidos por llamada : 51.973
Procesando...
  Filtro             : temperature
  Implementación     : C
  Archivo de entrada : lena.203x203.bmp
Tiempo de ejecución:
  # iteraciones                     : 1000
  # de ciclos insumidos totales     : 52805
  # de ciclos insumidos por llamada : 52.805
Tiempo de ejecución:
  # iteraciones                     : 10000
  # de ciclos insumidos totales     : 523680
  # de ciclos insumidos por llamada : 52.368
Tiempo de ejecución:
  # iteraciones                     : 100000
  # de ciclos insumidos totales     : 5219359
  # de ciclos insumidos por llamada : 52.194
Procesando...
  Filtro             : temperature
  Implementación     : C
  Archivo de entrada : lena.203x203.bmp
Tiempo de ejecución:
  # iteraciones                     : 1000
  # de ciclos insumidos totales     : 53431
  # de ciclos insumidos por llamada : 53.431
Tiempo de ejecución:
  # iteraciones                     : 10000
  # de ciclos insumidos totales     : 523675
  # de ciclos insumidos por llamada : 52.368
Tiempo de ejecución:
  # iteraciones                     : 100000
  # de ciclos insumidos totales     : 5217822
  # de ciclos insumidos por llamada : 52.178
Procesando...
  Filtro             : temperature
  Implementación     : C
  Archivo de entrada : lena.203x203.bmp
Tiempo de ejecución:
  # iteraciones                     : 1000
  # de ciclos insumidos totales     : 52886
  # de ciclos insumidos por llamada : 52.886
Tiempo de ejecución:
  # iteraciones                     : 10000
  # de ciclos insumidos totales     : 523579
  # de ciclos insumidos por llamada : 52.358
Tiempo de ejecución:
  # iteraciones                     : 100000
  # de ciclos insumidos totales     : 5186516
  # de ciclos insumidos por llamada : 51.865
Procesando...
  Filtro             : temperature
  Implementación     : C
  Archivo de entrada : lena.203x203.bmp
Tiempo de ejecución:
  # iteraciones                     : 1000
  # de ciclos insumidos totales     : 53179
  # de ciclos insumidos por llamada : 53.179
Tiempo de ejecución:
  # iteraciones                     : 10000
  # de ciclos insumidos totales     : 524307
  # de ciclos insumidos por llamada : 52.431
Tiempo de ejecución:
  # iteraciones                     : 100000
  # de ciclos insumidos totales     : 5248901
  # de ciclos insumidos por llamada : 52.489
Procesando...
  Filtro             : temperature
  Implementación     : C
  Archivo de entrada : lena.512x512.bmp
Tiempo de ejecución:
  # iteraciones                     : 1000
  # de ciclos insumidos totales     : 53512
  # de ciclos insumidos por llamada : 53.512
Tiempo de ejecución:
  # iteraciones                     : 10000
  # de ciclos insumidos totales     : 524266
  # de ciclos insumidos por llamada : 52.427
Tiempo de ejecución:
  # iteraciones                     : 100000
  # de ciclos insumidos totales     : 5244703
  # de ciclos insumidos por llamada : 52.447
Procesando...
  Filtro             : temperature
  Implementación     : C
  Archivo de entrada : lena.512x512.bmp
Tiempo de ejecución:
  # iteraciones                     : 1000
  # de ciclos insumidos totales     : 53260
  # de ciclos insumidos por llamada : 53.260
Tiempo de ejecución:
  # iteraciones                     : 10000
  # de ciclos insumidos totales     : 524686
  # de ciclos insumidos por llamada : 52.469
Tiempo de ejecución:
  # iteraciones                     : 100000
  # de ciclos insumidos totales     : 5219197
  # de ciclos insumidos por llamada : 52.192
Procesando...
  Filtro             : temperature
  Implementación     : C
  Archivo de entrada : lena.512x512.bmp
Tiempo de ejecución:
  # iteraciones                     : 1000
  # de ciclos insumidos totales     : 53073
  # de ciclos insumidos por llamada : 53.073
Tiempo de ejecución:
  # iteraciones                     : 10000
  # de ciclos insumidos totales     : 521123
  # de ciclos insumidos por llamada : 52.112
Tiempo de ejecución:
  # iteraciones                     : 100000
  # de ciclos insumidos totales     : 5210845
  # de ciclos insumidos por llamada : 52.108
Procesando...
  Filtro             : temperature
  Implementación     : C
  Archivo de entrada : lena.512x512.bmp
Tiempo de ejecución:
  # iteraciones                     : 1000
  # de ciclos insumidos totales     : 52861
  # de ciclos insumidos por llamada : 52.861
Tiempo de ejecución:
  # iteraciones                     : 10000
  # de ciclos insumidos totales     : 522402
  # de ciclos insumidos por llamada : 52.240
Tiempo de ejecución:
  # iteraciones                     : 100000
  # de ciclos insumidos totales     : 5259365
  # de ciclos insumidos por llamada : 52.594
Procesando...
  Filtro             : temperature
  Implementación     : C
  Archivo de entrada : lena.512x512.bmp
Tiempo de ejecución:
  # iteraciones                     : 1000
  # de ciclos insumidos totales     : 60480
  # de ciclos insumidos por llamada : 60.480
Tiempo de ejecución:
  # iteraciones                     : 10000
  # de ciclos insumidos totales     : 519456
  # de ciclos insumidos por llamada : 51.946
Tiempo de ejecución:
  # iteraciones                     : 100000
  # de ciclos insumidos totales     : 5287756
  # de ciclos insumidos por llamada : 52.878
Procesando...
  Filtro             : temperature
  Implementación     : C
  Archivo de entrada : lena.1023x767.bmp
Tiempo de ejecución:
  # iteraciones                     : 1000
  # de ciclos insumidos totales     : 54099
  # de ciclos insumidos por llamada : 54.099
Tiempo de ejecución:
  # iteraciones                     : 10000
  # de ciclos insumidos totales     : 524342
  # de ciclos insumidos por llamada : 52.434
Tiempo de ejecución:
  # iteraciones                     : 100000
  # de ciclos insumidos totales     : 5235673
  # de ciclos insumidos por llamada : 52.357
Procesando...
  Filtro             : temperature
  Implementación     : C
  Archivo de entrada : lena.1023x767.bmp
Tiempo de ejecución:
  # iteraciones                     : 1000
  # de ciclos insumidos totales     : 53224
  # de ciclos insumidos por llamada : 53.224
Tiempo de ejecución:
  # iteraciones                     : 10000
  # de ciclos insumidos totales     : 524236
  # de ciclos insumidos por llamada : 52.424
Tiempo de ejecución:
  # iteraciones                     : 100000
  # de ciclos insumidos totales     : 5229357
  # de ciclos insumidos por llamada : 52.294
Procesando...
  Filtro             : temperature
  Implementación     : C
  Archivo de entrada : lena.1023x767.bmp
Tiempo de ejecución:
  # iteraciones                     : 1000
  # de ciclos insumidos totales     : 53280
  # de ciclos insumidos por llamada : 53.280
Tiempo de ejecución:
  # iteraciones                     : 10000
  # de ciclos insumidos totales     : 524196
  # de ciclos insumidos por llamada : 52.420
Tiempo de ejecución:
  # iteraciones                     : 100000
  # de ciclos insumidos totales     : 5201103
  # de ciclos insumidos por llamada : 52.011
Procesando...
  Filtro             : temperature
  Implementación     : C
  Archivo de entrada : lena.1023x767.bmp
Tiempo de ejecución:
  # iteraciones                     : 1000
  # de ciclos insumidos totales     : 53401
  # de ciclos insumidos por llamada : 53.401
Tiempo de ejecución:
  # iteraciones                     : 10000
  # de ciclos insumidos totales     : 521103
  # de ciclos insumidos por llamada : 52.110
Tiempo de ejecución:
  # iteraciones                     : 100000
  # de ciclos insumidos totales     : 5265357
  # de ciclos insumidos por llamada : 52.654
Procesando...
  Filtro             : temperature
  Implementación     : C
  Archivo de entrada : lena.1023x767.bmp
Tiempo de ejecución:
  # iteraciones                     : 1000
  # de ciclos insumidos totales     : 53488
  # de ciclos insumidos por llamada : 53.488
Tiempo de ejecución:
  # iteraciones                     : 10000
  # de ciclos insumidos totales     : 524079
  # de ciclos insumidos por llamada : 52.408
Tiempo de ejecución:
  # iteraciones                     : 100000
  # de ciclos insumidos totales     : 5263377
  # de ciclos insumidos por llamada : 52.634
Procesando...
  Filtro             : temperature
  Implementación     : C
  Archivo de entrada : marilyn.203x203.bmp
Tiempo de ejecución:
  # iteraciones                     : 1000
  # de ciclos insumidos totales     : 53825
  # de ciclos insumidos por llamada : 53.825
Tiempo de ejecución:
  # iteraciones                     : 10000
  # de ciclos insumidos totales     : 524357
  # de ciclos insumidos por llamada : 52.436
Tiempo de ejecución:
  # iteraciones                     : 100000
  # de ciclos insumidos totales     : 5207541
  # de ciclos insumidos por llamada : 52.075
Procesando...
  Filtro             : temperature
  Implementación     : C
  Archivo de entrada : marilyn.203x203.bmp
Tiempo de ejecución:
  # iteraciones                     : 1000
  # de ciclos insumidos totales     : 53694
  # de ciclos insumidos por llamada : 53.694
Tiempo de ejecución:
  # iteraciones                     : 10000
  # de ciclos insumidos totales     : 521153
  # de ciclos insumidos por llamada : 52.115
Tiempo de ejecución:
  # iteraciones                     : 100000
  # de ciclos insumidos totales     : 5254399
  # de ciclos insumidos por llamada : 52.544
Procesando...
  Filtro             : temperature
  Implementación     : C
  Archivo de entrada : marilyn.203x203.bmp
Tiempo de ejecución:
  # iteraciones                     : 1000
  # de ciclos insumidos totales     : 52967
  # de ciclos insumidos por llamada : 52.967
Tiempo de ejecución:
  # iteraciones                     : 10000
  # de ciclos insumidos totales     : 520052
  # de ciclos insumidos por llamada : 52.005
Tiempo de ejecución:
  # iteraciones                     : 100000
  # de ciclos insumidos totales     : 5265918
  # de ciclos insumidos por llamada : 52.659
Procesando...
  Filtro             : temperature
  Implementación     : C
  Archivo de entrada : marilyn.203x203.bmp
Tiempo de ejecución:
  # iteraciones                     : 1000
  # de ciclos insumidos totales     : 53891
  # de ciclos insumidos por llamada : 53.891
Tiempo de ejecución:
  # iteraciones                     : 10000
  # de ciclos insumidos totales     : 524079
  # de ciclos insumidos por llamada : 52.408
Tiempo de ejecución:
  # iteraciones                     : 100000
  # de ciclos insumidos totales     : 5257314
  # de ciclos insumidos por llamada : 52.573
Procesando...
  Filtro             : temperature
  Implementación     : C
  Archivo de entrada : marilyn.203x203.bmp
Tiempo de ejecución:
  # iteraciones                     : 1000
  # de ciclos insumidos totales     : 53103
  # de ciclos insumidos por llamada : 53.103
Tiempo de ejecución:
  # iteraciones                     : 10000
  # de ciclos insumidos totales     : 524211
  # de ciclos insumidos por llamada : 52.421
Tiempo de ejecución:
  # iteraciones                     : 100000
  # de ciclos insumidos totales     : 5247153
  # de ciclos insumidos por llamada : 52.472
Procesando...
  Filtro             : temperature
  Implementación     : C
  Archivo de entrada : marilyn.512x512.bmp
Tiempo de ejecución:
  # iteraciones                     : 1000
  # de ciclos insumidos totales     : 53487
  # de ciclos insumidos por llamada : 53.487
Tiempo de ejecución:
  # iteraciones                     : 10000
  # de ciclos insumidos totales     : 524266
  # de ciclos insumidos por llamada : 52.427
Tiempo de ejecución:
  # iteraciones                     : 100000
  # de ciclos insumidos totales     : 5208723
  # de ciclos insumidos por llamada : 52.087
Procesando...
  Filtro             : temperature
  Implementación     : C
  Archivo de entrada : marilyn.512x512.bmp
Tiempo de ejecución:
  # iteraciones                     : 1000
  # de ciclos insumidos totales     : 52906
  # de ciclos insumidos por llamada : 52.906
Tiempo de ejecución:
  # iteraciones                     : 10000
  # de ciclos insumidos totales     : 524615
  # de ciclos insumidos por llamada : 52.461
Tiempo de ejecución:
  # iteraciones                     : 100000
  # de ciclos insumidos totales     : 5200926
  # de ciclos insumidos por llamada : 52.009
Procesando...
  Filtro             : temperature
  Implementación     : C
  Archivo de entrada : marilyn.512x512.bmp
Tiempo de ejecución:
  # iteraciones                     : 1000
  # de ciclos insumidos totales     : 53821
  # de ciclos insumidos por llamada : 53.821
Tiempo de ejecución:
  # iteraciones                     : 10000
  # de ciclos insumidos totales     : 543856
  # de ciclos insumidos por llamada : 54.386
Tiempo de ejecución:
  # iteraciones                     : 100000
  # de ciclos insumidos totales     : 5215574
  # de ciclos insumidos por llamada : 52.156
Procesando...
  Filtro             : temperature
  Implementación     : C
  Archivo de entrada : marilyn.512x512.bmp
Tiempo de ejecución:
  # iteraciones                     : 1000
  # de ciclos insumidos totales     : 53255
  # de ciclos insumidos por llamada : 53.255
Tiempo de ejecución:
  # iteraciones                     : 10000
  # de ciclos insumidos totales     : 524281
  # de ciclos insumidos por llamada : 52.428
Tiempo de ejecución:
  # iteraciones                     : 100000
  # de ciclos insumidos totales     : 5253575
  # de ciclos insumidos por llamada : 52.536
Procesando...
  Filtro             : temperature
  Implementación     : C
  Archivo de entrada : marilyn.512x512.bmp
Tiempo de ejecución:
  # iteraciones                     : 1000
  # de ciclos insumidos totales     : 53139
  # de ciclos insumidos por llamada : 53.139
Tiempo de ejecución:
  # iteraciones                     : 10000
  # de ciclos insumidos totales     : 524766
  # de ciclos insumidos por llamada : 52.477
Tiempo de ejecución:
  # iteraciones                     : 100000
  # de ciclos insumidos totales     : 5232859
  # de ciclos insumidos por llamada : 52.329
Procesando...
  Filtro             : temperature
  Implementación     : C
  Archivo de entrada : marilyn.1023x767.bmp
Tiempo de ejecución:
  # iteraciones                     : 1000
  # de ciclos insumidos totales     : 53230
  # de ciclos insumidos por llamada : 53.230
Tiempo de ejecución:
  # iteraciones                     : 10000
  # de ciclos insumidos totales     : 524574
  # de ciclos insumidos por llamada : 52.457
Tiempo de ejecución:
  # iteraciones                     : 100000
  # de ciclos insumidos totales     : 5212775
  # de ciclos insumidos por llamada : 52.128
Procesando...
  Filtro             : temperature
  Implementación     : C
  Archivo de entrada : marilyn.1023x767.bmp
Tiempo de ejecución:
  # iteraciones                     : 1000
  # de ciclos insumidos totales     : 53422
  # de ciclos insumidos por llamada : 53.422
Tiempo de ejecución:
  # iteraciones                     : 10000
  # de ciclos insumidos totales     : 523826
  # de ciclos insumidos por llamada : 52.383
Tiempo de ejecución:
  # iteraciones                     : 100000
  # de ciclos insumidos totales     : 5211168
  # de ciclos insumidos por llamada : 52.112
Procesando...
  Filtro             : temperature
  Implementación     : C
  Archivo de entrada : marilyn.1023x767.bmp
Tiempo de ejecución:
  # iteraciones                     : 1000
  # de ciclos insumidos totales     : 53432
  # de ciclos insumidos por llamada : 53.432
Tiempo de ejecución:
  # iteraciones                     : 10000
  # de ciclos insumidos totales     : 524200
  # de ciclos insumidos por llamada : 52.420
Tiempo de ejecución:
  # iteraciones                     : 100000
  # de ciclos insumidos totales     : 5252311
  # de ciclos insumidos por llamada : 52.523
Procesando...
  Filtro             : temperature
  Implementación     : C
  Archivo de entrada : marilyn.1023x767.bmp
Tiempo de ejecución:
  # iteraciones                     : 1000
  # de ciclos insumidos totales     : 53421
  # de ciclos insumidos por llamada : 53.421
Tiempo de ejecución:
  # iteraciones                     : 10000
  # de ciclos insumidos totales     : 524235
  # de ciclos insumidos por llamada : 52.424
Tiempo de ejecución:
  # iteraciones                     : 100000
  # de ciclos insumidos totales     : 5273103
  # de ciclos insumidos por llamada : 52.731
Procesando...
  Filtro             : temperature
  Implementación     : C
  Archivo de entrada : marilyn.1023x767.bmp
Tiempo de ejecución:
  # iteraciones                     : 1000
  # de ciclos insumidos totales     : 53164
  # de ciclos insumidos por llamada : 53.164
Tiempo de ejecución:
  # iteraciones                     : 10000
  # de ciclos insumidos totales     : 524433
  # de ciclos insumidos por llamada : 52.443
Tiempo de ejecución:
  # iteraciones                     : 100000
  # de ciclos insumidos totales     : 5201098
  # de ciclos insumidos por llamada : 52.011
Procesando...
  Filtro             : temperature
  Implementación     : ASM
  Archivo de entrada : lena.203x203.bmp
Tiempo de ejecución:
  # iteraciones                     : 1000
  # de ciclos insumidos totales     : 41613
  # de ciclos insumidos por llamada : 41.613
Tiempo de ejecución:
  # iteraciones                     : 10000
  # de ciclos insumidos totales     : 405297
  # de ciclos insumidos por llamada : 40.530
Tiempo de ejecución:
  # iteraciones                     : 100000
  # de ciclos insumidos totales     : 4101908
  # de ciclos insumidos por llamada : 41.019
Procesando...
  Filtro             : temperature
  Implementación     : ASM
  Archivo de entrada : lena.203x203.bmp
Tiempo de ejecución:
  # iteraciones                     : 1000
  # de ciclos insumidos totales     : 41376
  # de ciclos insumidos por llamada : 41.376
Tiempo de ejecución:
  # iteraciones                     : 10000
  # de ciclos insumidos totales     : 428610
  # de ciclos insumidos por llamada : 42.861
Tiempo de ejecución:
  # iteraciones                     : 100000
  # de ciclos insumidos totales     : 4015170
  # de ciclos insumidos por llamada : 40.152
Procesando...
  Filtro             : temperature
  Implementación     : ASM
  Archivo de entrada : lena.203x203.bmp
Tiempo de ejecución:
  # iteraciones                     : 1000
  # de ciclos insumidos totales     : 41517
  # de ciclos insumidos por llamada : 41.517
Tiempo de ejecución:
  # iteraciones                     : 10000
  # de ciclos insumidos totales     : 408258
  # de ciclos insumidos por llamada : 40.826
Tiempo de ejecución:
  # iteraciones                     : 100000
  # de ciclos insumidos totales     : 4024072
  # de ciclos insumidos por llamada : 40.241
Procesando...
  Filtro             : temperature
  Implementación     : ASM
  Archivo de entrada : lena.203x203.bmp
Tiempo de ejecución:
  # iteraciones                     : 1000
  # de ciclos insumidos totales     : 41543
  # de ciclos insumidos por llamada : 41.543
Tiempo de ejecución:
  # iteraciones                     : 10000
  # de ciclos insumidos totales     : 405297
  # de ciclos insumidos por llamada : 40.530
Tiempo de ejecución:
  # iteraciones                     : 100000
  # de ciclos insumidos totales     : 4078954
  # de ciclos insumidos por llamada : 40.790
Procesando...
  Filtro             : temperature
  Implementación     : ASM
  Archivo de entrada : lena.203x203.bmp
Tiempo de ejecución:
  # iteraciones                     : 1000
  # de ciclos insumidos totales     : 41558
  # de ciclos insumidos por llamada : 41.558
Tiempo de ejecución:
  # iteraciones                     : 10000
  # de ciclos insumidos totales     : 408636
  # de ciclos insumidos por llamada : 40.864
Tiempo de ejecución:
  # iteraciones                     : 100000
  # de ciclos insumidos totales     : 4085861
  # de ciclos insumidos por llamada : 40.859
Procesando...
  Filtro             : temperature
  Implementación     : ASM
  Archivo de entrada : lena.512x512.bmp
Tiempo de ejecución:
  # iteraciones                     : 1000
  # de ciclos insumidos totales     : 41846
  # de ciclos insumidos por llamada : 41.846
Tiempo de ejecución:
  # iteraciones                     : 10000
  # de ciclos insumidos totales     : 404276
  # de ciclos insumidos por llamada : 40.428
Tiempo de ejecución:
  # iteraciones                     : 100000
  # de ciclos insumidos totales     : 4120280
  # de ciclos insumidos por llamada : 41.203
Procesando...
  Filtro             : temperature
  Implementación     : ASM
  Archivo de entrada : lena.512x512.bmp
Tiempo de ejecución:
  # iteraciones                     : 1000
  # de ciclos insumidos totales     : 41406
  # de ciclos insumidos por llamada : 41.406
Tiempo de ejecución:
  # iteraciones                     : 10000
  # de ciclos insumidos totales     : 429373
  # de ciclos insumidos por llamada : 42.937
Tiempo de ejecución:
  # iteraciones                     : 100000
  # de ciclos insumidos totales     : 4068111
  # de ciclos insumidos por llamada : 40.681
Procesando...
  Filtro             : temperature
  Implementación     : ASM
  Archivo de entrada : lena.512x512.bmp
Tiempo de ejecución:
  # iteraciones                     : 1000
  # de ciclos insumidos totales     : 41573
  # de ciclos insumidos por llamada : 41.573
Tiempo de ejecución:
  # iteraciones                     : 10000
  # de ciclos insumidos totales     : 408454
  # de ciclos insumidos por llamada : 40.845
Tiempo de ejecución:
  # iteraciones                     : 100000
  # de ciclos insumidos totales     : 4079753
  # de ciclos insumidos por llamada : 40.798
Procesando...
  Filtro             : temperature
  Implementación     : ASM
  Archivo de entrada : lena.512x512.bmp
Tiempo de ejecución:
  # iteraciones                     : 1000
  # de ciclos insumidos totales     : 52714
  # de ciclos insumidos por llamada : 52.714
Tiempo de ejecución:
  # iteraciones                     : 10000
  # de ciclos insumidos totales     : 405701
  # de ciclos insumidos por llamada : 40.570
Tiempo de ejecución:
  # iteraciones                     : 100000
  # de ciclos insumidos totales     : 4099074
  # de ciclos insumidos por llamada : 40.991
Procesando...
  Filtro             : temperature
  Implementación     : ASM
  Archivo de entrada : lena.512x512.bmp
Tiempo de ejecución:
  # iteraciones                     : 1000
  # de ciclos insumidos totales     : 41608
  # de ciclos insumidos por llamada : 41.608
Tiempo de ejecución:
  # iteraciones                     : 10000
  # de ciclos insumidos totales     : 403893
  # de ciclos insumidos por llamada : 40.389
Tiempo de ejecución:
  # iteraciones                     : 100000
  # de ciclos insumidos totales     : 4080480
  # de ciclos insumidos por llamada : 40.805
Procesando...
  Filtro             : temperature
  Implementación     : ASM
  Archivo de entrada : lena.1023x767.bmp
Tiempo de ejecución:
  # iteraciones                     : 1000
  # de ciclos insumidos totales     : 41563
  # de ciclos insumidos por llamada : 41.563
Tiempo de ejecución:
  # iteraciones                     : 10000
  # de ciclos insumidos totales     : 408344
  # de ciclos insumidos por llamada : 40.834
Tiempo de ejecución:
  # iteraciones                     : 100000
  # de ciclos insumidos totales     : 4016539
  # de ciclos insumidos por llamada : 40.165
Procesando...
  Filtro             : temperature
  Implementación     : ASM
  Archivo de entrada : lena.1023x767.bmp
Tiempo de ejecución:
  # iteraciones                     : 1000
  # de ciclos insumidos totales     : 41426
  # de ciclos insumidos por llamada : 41.426
Tiempo de ejecución:
  # iteraciones                     : 10000
  # de ciclos insumidos totales     : 405625
  # de ciclos insumidos por llamada : 40.562
Tiempo de ejecución:
  # iteraciones                     : 100000
  # de ciclos insumidos totales     : 4110796
  # de ciclos insumidos por llamada : 41.108
Procesando...
  Filtro             : temperature
  Implementación     : ASM
  Archivo de entrada : lena.1023x767.bmp
Tiempo de ejecución:
  # iteraciones                     : 1000
  # de ciclos insumidos totales     : 41603
  # de ciclos insumidos por llamada : 41.603
Tiempo de ejecución:
  # iteraciones                     : 10000
  # de ciclos insumidos totales     : 405620
  # de ciclos insumidos por llamada : 40.562
Tiempo de ejecución:
  # iteraciones                     : 100000
  # de ciclos insumidos totales     : 4038831
  # de ciclos insumidos por llamada : 40.388
Procesando...
  Filtro             : temperature
  Implementación     : ASM
  Archivo de entrada : lena.1023x767.bmp
Tiempo de ejecución:
  # iteraciones                     : 1000
  # de ciclos insumidos totales     : 41497
  # de ciclos insumidos por llamada : 41.497
Tiempo de ejecución:
  # iteraciones                     : 10000
  # de ciclos insumidos totales     : 405943
  # de ciclos insumidos por llamada : 40.594
Tiempo de ejecución:
  # iteraciones                     : 100000
  # de ciclos insumidos totales     : 4070845
  # de ciclos insumidos por llamada : 40.708
Procesando...
  Filtro             : temperature
  Implementación     : ASM
  Archivo de entrada : lena.1023x767.bmp
Tiempo de ejecución:
  # iteraciones                     : 1000
  # de ciclos insumidos totales     : 41437
  # de ciclos insumidos por llamada : 41.437
Tiempo de ejecución:
  # iteraciones                     : 10000
  # de ciclos insumidos totales     : 405666
  # de ciclos insumidos por llamada : 40.567
Tiempo de ejecución:
  # iteraciones                     : 100000
  # de ciclos insumidos totales     : 4102338
  # de ciclos insumidos por llamada : 41.023
Procesando...
  Filtro             : temperature
  Implementación     : ASM
  Archivo de entrada : marilyn.203x203.bmp
Tiempo de ejecución:
  # iteraciones                     : 1000
  # de ciclos insumidos totales     : 41557
  # de ciclos insumidos por llamada : 41.557
Tiempo de ejecución:
  # iteraciones                     : 10000
  # de ciclos insumidos totales     : 408525
  # de ciclos insumidos por llamada : 40.853
Tiempo de ejecución:
  # iteraciones                     : 100000
  # de ciclos insumidos totales     : 4172867
  # de ciclos insumidos por llamada : 41.729
Procesando...
  Filtro             : temperature
  Implementación     : ASM
  Archivo de entrada : marilyn.203x203.bmp
Tiempo de ejecución:
  # iteraciones                     : 1000
  # de ciclos insumidos totales     : 41634
  # de ciclos insumidos por llamada : 41.634
Tiempo de ejecución:
  # iteraciones                     : 10000
  # de ciclos insumidos totales     : 405787
  # de ciclos insumidos por llamada : 40.579
Tiempo de ejecución:
  # iteraciones                     : 100000
  # de ciclos insumidos totales     : 4128273
  # de ciclos insumidos por llamada : 41.283
Procesando...
  Filtro             : temperature
  Implementación     : ASM
  Archivo de entrada : marilyn.203x203.bmp
Tiempo de ejecución:
  # iteraciones                     : 1000
  # de ciclos insumidos totales     : 41588
  # de ciclos insumidos por llamada : 41.588
Tiempo de ejecución:
  # iteraciones                     : 10000
  # de ciclos insumidos totales     : 405803
  # de ciclos insumidos por llamada : 40.580
Tiempo de ejecución:
  # iteraciones                     : 100000
  # de ciclos insumidos totales     : 4086083
  # de ciclos insumidos por llamada : 40.861
Procesando...
  Filtro             : temperature
  Implementación     : ASM
  Archivo de entrada : marilyn.203x203.bmp
Tiempo de ejecución:
  # iteraciones                     : 1000
  # de ciclos insumidos totales     : 41482
  # de ciclos insumidos por llamada : 41.482
Tiempo de ejecución:
  # iteraciones                     : 10000
  # de ciclos insumidos totales     : 403912
  # de ciclos insumidos por llamada : 40.391
Tiempo de ejecución:
  # iteraciones                     : 100000
  # de ciclos insumidos totales     : 4042530
  # de ciclos insumidos por llamada : 40.425
Procesando...
  Filtro             : temperature
  Implementación     : ASM
  Archivo de entrada : marilyn.203x203.bmp
Tiempo de ejecución:
  # iteraciones                     : 1000
  # de ciclos insumidos totales     : 41755
  # de ciclos insumidos por llamada : 41.755
Tiempo de ejecución:
  # iteraciones                     : 10000
  # de ciclos insumidos totales     : 406020
  # de ciclos insumidos por llamada : 40.602
Tiempo de ejecución:
  # iteraciones                     : 100000
  # de ciclos insumidos totales     : 4036961
  # de ciclos insumidos por llamada : 40.370
Procesando...
  Filtro             : temperature
  Implementación     : ASM
  Archivo de entrada : marilyn.512x512.bmp
Tiempo de ejecución:
  # iteraciones                     : 1000
  # de ciclos insumidos totales     : 41563
  # de ciclos insumidos por llamada : 41.563
Tiempo de ejecución:
  # iteraciones                     : 10000
  # de ciclos insumidos totales     : 408273
  # de ciclos insumidos por llamada : 40.827
Tiempo de ejecución:
  # iteraciones                     : 100000
  # de ciclos insumidos totales     : 4059451
  # de ciclos insumidos por llamada : 40.595
Procesando...
  Filtro             : temperature
  Implementación     : ASM
  Archivo de entrada : marilyn.512x512.bmp
Tiempo de ejecución:
  # iteraciones                     : 1000
  # de ciclos insumidos totales     : 41654
  # de ciclos insumidos por llamada : 41.654
Tiempo de ejecución:
  # iteraciones                     : 10000
  # de ciclos insumidos totales     : 457081
  # de ciclos insumidos por llamada : 45.708
Tiempo de ejecución:
  # iteraciones                     : 100000
  # de ciclos insumidos totales     : 4032071
  # de ciclos insumidos por llamada : 40.321
Procesando...
  Filtro             : temperature
  Implementación     : ASM
  Archivo de entrada : marilyn.512x512.bmp
Tiempo de ejecución:
  # iteraciones                     : 1000
  # de ciclos insumidos totales     : 41436
  # de ciclos insumidos por llamada : 41.436
Tiempo de ejecución:
  # iteraciones                     : 10000
  # de ciclos insumidos totales     : 405625
  # de ciclos insumidos por llamada : 40.562
Tiempo de ejecución:
  # iteraciones                     : 100000
  # de ciclos insumidos totales     : 4218624
  # de ciclos insumidos por llamada : 42.186
Procesando...
  Filtro             : temperature
  Implementación     : ASM
  Archivo de entrada : marilyn.512x512.bmp
Tiempo de ejecución:
  # iteraciones                     : 1000
  # de ciclos insumidos totales     : 41427
  # de ciclos insumidos por llamada : 41.427
Tiempo de ejecución:
  # iteraciones                     : 10000
  # de ciclos insumidos totales     : 403877
  # de ciclos insumidos por llamada : 40.388
Tiempo de ejecución:
  # iteraciones                     : 100000
  # de ciclos insumidos totales     : 4159058
  # de ciclos insumidos por llamada : 41.591
Procesando...
  Filtro             : temperature
  Implementación     : ASM
  Archivo de entrada : marilyn.512x512.bmp
Tiempo de ejecución:
  # iteraciones                     : 1000
  # de ciclos insumidos totales     : 41992
  # de ciclos insumidos por llamada : 41.992
Tiempo de ejecución:
  # iteraciones                     : 10000
  # de ciclos insumidos totales     : 405110
  # de ciclos insumidos por llamada : 40.511
Tiempo de ejecución:
  # iteraciones                     : 100000
  # de ciclos insumidos totales     : 4005762
  # de ciclos insumidos por llamada : 40.058
Procesando...
  Filtro             : temperature
  Implementación     : ASM
  Archivo de entrada : marilyn.1023x767.bmp
Tiempo de ejecución:
  # iteraciones                     : 1000
  # de ciclos insumidos totales     : 41366
  # de ciclos insumidos por llamada : 41.366
Tiempo de ejecución:
  # iteraciones                     : 10000
  # de ciclos insumidos totales     : 405726
  # de ciclos insumidos por llamada : 40.573
Tiempo de ejecución:
  # iteraciones                     : 100000
  # de ciclos insumidos totales     : 4081086
  # de ciclos insumidos por llamada : 40.811
Procesando...
  Filtro             : temperature
  Implementación     : ASM
  Archivo de entrada : marilyn.1023x767.bmp
Tiempo de ejecución:
  # iteraciones                     : 1000
  # de ciclos insumidos totales     : 41841
  # de ciclos insumidos por llamada : 41.841
Tiempo de ejecución:
  # iteraciones                     : 10000
  # de ciclos insumidos totales     : 404614
  # de ciclos insumidos por llamada : 40.461
Tiempo de ejecución:
  # iteraciones                     : 100000
  # de ciclos insumidos totales     : 4117516
  # de ciclos insumidos por llamada : 41.175
Procesando...
  Filtro             : temperature
  Implementación     : ASM
  Archivo de entrada : marilyn.1023x767.bmp
Tiempo de ejecución:
  # iteraciones                     : 1000
  # de ciclos insumidos totales     : 41361
  # de ciclos insumidos por llamada : 41.361
Tiempo de ejecución:
  # iteraciones                     : 10000
  # de ciclos insumidos totales     : 461396
  # de ciclos insumidos por llamada : 46.140
Tiempo de ejecución:
  # iteraciones                     : 100000
  # de ciclos insumidos totales     : 4136226
  # de ciclos insumidos por llamada : 41.362
Procesando...
  Filtro             : temperature
  Implementación     : ASM
  Archivo de entrada : marilyn.1023x767.bmp
Tiempo de ejecución:
  # iteraciones                     : 1000
  # de ciclos insumidos totales     : 41750
  # de ciclos insumidos por llamada : 41.750
Tiempo de ejecución:
  # iteraciones                     : 10000
  # de ciclos insumidos totales     : 408192
  # de ciclos insumidos por llamada : 40.819
Tiempo de ejecución:
  # iteraciones                     : 100000
  # de ciclos insumidos totales     : 4080900
  # de ciclos insumidos por llamada : 40.809
Procesando...
  Filtro             : temperature
  Implementación     : ASM
  Archivo de entrada : marilyn.1023x767.bmp
Tiempo de ejecución:
  # iteraciones                     : 1000
  # de ciclos insumidos totales     : 41664
  # de ciclos insumidos por llamada : 41.664
Tiempo de ejecución:
  # iteraciones                     : 10000
  # de ciclos insumidos totales     : 408212
  # de ciclos insumidos por llamada : 40.821
Tiempo de ejecución:
  # iteraciones                     : 100000
  # de ciclos insumidos totales     : 4100944
  # de ciclos insumidos por llamada : 41.009
